#-----------------------------------------------------------
# Vivado v2017.4 (64-bit)
# SW Build 2086221 on Fri Dec 15 20:55:39 MST 2017
# IP Build 2085800 on Fri Dec 15 22:25:07 MST 2017
# Start of session at: Tue Mar 24 15:27:33 2026
# Process ID: 27488
# Current directory: C:/CompOrg/project1/homework
# Command line: vivado.exe -gui_launcher_event rodinguilauncherevent22560 C:\CompOrg\project1\homework\homework.xpr
# Log file: C:/CompOrg/project1/homework/vivado.log
# Journal file: C:/CompOrg/project1/homework\vivado.jou
#-----------------------------------------------------------
start_gui
open_project C:/CompOrg/project1/homework/homework.xpr
Scanning sources...
Finished scanning sources
INFO: [IP_Flow 19-234] Refreshing IP repositories
INFO: [IP_Flow 19-1704] No user IP repositories specified
INFO: [IP_Flow 19-2313] Loaded Vivado IP repository 'C:/Xilinx/Vivado/2017.4/data/ip'.
update_compile_order -fileset sources_1
export_ip_user_files -of_objects  [get_files C:/CompOrg/project1/homework/homework.srcs/sim_1/imports/ExampleSubmission/RAM.mem] -no_script -reset -force -quiet
remove_files  -fileset sim_1 C:/CompOrg/project1/homework/homework.srcs/sim_1/imports/ExampleSubmission/RAM.mem
export_ip_user_files -of_objects  [get_files C:/CompOrg/project1/homework/homework.srcs/sim_1/imports/ExampleSubmission/ROM.mem] -no_script -reset -force -quiet
remove_files  -fileset sim_1 C:/CompOrg/project1/homework/homework.srcs/sim_1/imports/ExampleSubmission/ROM.mem
import_files -force -norecurse {C:/CompOrg/project1/ExampleSubmission/ROM.mem C:/CompOrg/project1/ExampleSubmission/RAM.mem}
synth_design -rtl -name rtl_1
Command: synth_design -rtl -name rtl_1
Starting synth_design
Using part: xc7a15tcpg236-3
Top: DataMemoryUnit
---------------------------------------------------------------------------------
Starting RTL Elaboration : Time (s): cpu = 00:00:04 ; elapsed = 00:00:03 . Memory (MB): peak = 943.574 ; gain = 112.578
---------------------------------------------------------------------------------
INFO: [Synth 8-638] synthesizing module 'DataMemoryUnit' [C:/CompOrg/project1/ExampleSubmission/DataMemoryUnit.v:4]
INFO: [Synth 8-638] synthesizing module 'DataMemory' [C:/CompOrg/project1/ExampleSubmission/DataMemory.v:8]
INFO: [Synth 8-3876] $readmem data file 'RAM.mem' is read successfully [C:/CompOrg/project1/ExampleSubmission/DataMemory.v:19]
INFO: [Synth 8-256] done synthesizing module 'DataMemory' (1#1) [C:/CompOrg/project1/ExampleSubmission/DataMemory.v:8]
INFO: [Synth 8-638] synthesizing module 'DataRegister' [C:/CompOrg/project1/homework/homework.srcs/sources_1/imports/ExampleSubmission/DataRegister.v:3]
INFO: [Synth 8-226] default block is never used [C:/CompOrg/project1/homework/homework.srcs/sources_1/imports/ExampleSubmission/DataRegister.v:17]
INFO: [Synth 8-256] done synthesizing module 'DataRegister' (2#1) [C:/CompOrg/project1/homework/homework.srcs/sources_1/imports/ExampleSubmission/DataRegister.v:3]
INFO: [Synth 8-256] done synthesizing module 'DataMemoryUnit' (3#1) [C:/CompOrg/project1/ExampleSubmission/DataMemoryUnit.v:4]
---------------------------------------------------------------------------------
Finished RTL Elaboration : Time (s): cpu = 00:00:04 ; elapsed = 00:00:03 . Memory (MB): peak = 1004.898 ; gain = 173.902
---------------------------------------------------------------------------------

Report Check Netlist: 
+------+------------------+-------+---------+-------+------------------+
|      |Item              |Errors |Warnings |Status |Description       |
+------+------------------+-------+---------+-------+------------------+
|1     |multi_driven_nets |      0|        0|Passed |Multi driven nets |
+------+------------------+-------+---------+-------+------------------+
---------------------------------------------------------------------------------
Finished RTL Optimization Phase 1 : Time (s): cpu = 00:00:04 ; elapsed = 00:00:04 . Memory (MB): peak = 1004.898 ; gain = 173.902
---------------------------------------------------------------------------------
INFO: [Device 21-403] Loading part xc7a15tcpg236-3
INFO: [Project 1-570] Preparing netlist for logic optimization

Processing XDC Constraints
Initializing timing engine
Completed Processing XDC Constraints

INFO: [Opt 31-138] Pushed 0 inverter(s) to 0 load pin(s).
INFO: [Project 1-111] Unisim Transformation Summary:
No Unisim elements were transformed.

RTL Elaboration Complete:  : Time (s): cpu = 00:00:12 ; elapsed = 00:00:10 . Memory (MB): peak = 1352.691 ; gain = 521.695
12 Infos, 0 Warnings, 0 Critical Warnings and 0 Errors encountered.
synth_design completed successfully
synth_design: Time (s): cpu = 00:00:12 ; elapsed = 00:00:10 . Memory (MB): peak = 1352.691 ; gain = 521.695
launch_simulation
INFO: [Vivado 12-5682] Launching behavioral simulation in 'C:/CompOrg/project1/homework/homework.sim/sim_1/behav/xsim'
INFO: [SIM-utils-51] Simulation object is 'sim_1'
INFO: [SIM-utils-54] Inspecting design source files for 'DataMemoryUnitSimulation' in fileset 'sim_1'...
INFO: [SIM-utils-43] Exported 'C:/CompOrg/project1/homework/homework.sim/sim_1/behav/xsim/ROM.mem'
INFO: [SIM-utils-43] Exported 'C:/CompOrg/project1/homework/homework.sim/sim_1/behav/xsim/RAM.mem'
INFO: [USF-XSim-97] Finding global include files...
INFO: [USF-XSim-98] Fetching design files from 'sim_1'...
INFO: [USF-XSim-2] XSim::Compile design
INFO: [USF-XSim-61] Executing 'COMPILE and ANALYZE' step in 'C:/CompOrg/project1/homework/homework.sim/sim_1/behav/xsim'
"xvlog --incr --relax -prj DataMemoryUnitSimulation_vlog.prj"
INFO: [VRFC 10-2263] Analyzing Verilog file "C:/CompOrg/project1/ExampleSubmission/DataMemory.v" into library xil_defaultlib
INFO: [VRFC 10-311] analyzing module DataMemory
INFO: [VRFC 10-2263] Analyzing Verilog file "C:/CompOrg/project1/ExampleSubmission/DataMemoryUnit.v" into library xil_defaultlib
INFO: [VRFC 10-311] analyzing module DataMemoryUnit
INFO: [VRFC 10-2263] Analyzing Verilog file "C:/CompOrg/project1/homework/homework.srcs/sources_1/imports/ExampleSubmission/DataRegister.v" into library xil_defaultlib
INFO: [VRFC 10-311] analyzing module DataRegister
INFO: [VRFC 10-2263] Analyzing Verilog file "C:/CompOrg/project1/ExampleSubmission/Helper.v" into library xil_defaultlib
INFO: [VRFC 10-311] analyzing module FileOperation
INFO: [VRFC 10-311] analyzing module CrystalOscillator
INFO: [VRFC 10-2263] Analyzing Verilog file "C:/CompOrg/project1/ExampleSubmission/DataMemoryUnitSimulation.v" into library xil_defaultlib
INFO: [VRFC 10-311] analyzing module DataMemoryUnitSimulation
INFO: [USF-XSim-69] 'compile' step finished in '1' seconds
INFO: [USF-XSim-3] XSim::Elaborate design
INFO: [USF-XSim-61] Executing 'ELABORATE' step in 'C:/CompOrg/project1/homework/homework.sim/sim_1/behav/xsim'
Vivado Simulator 2017.4
Copyright 1986-1999, 2001-2016 Xilinx, Inc. All Rights Reserved.
Running: C:/Xilinx/Vivado/2017.4/bin/unwrapped/win64.o/xelab.exe -wto 83f4c7627e214e59bde340155d1e502a --incr --debug typical --relax --mt 2 -L xil_defaultlib -L unisims_ver -L unimacro_ver -L secureip --snapshot DataMemoryUnitSimulation_behav xil_defaultlib.DataMemoryUnitSimulation xil_defaultlib.glbl -log elaborate.log 
Using 2 slave threads.
Starting static elaboration
Completed static elaboration
Starting simulation data flow analysis
Completed simulation data flow analysis
Time Resolution for simulation is 1ps
Compiling module xil_defaultlib.CrystalOscillator
Compiling module xil_defaultlib.DataMemory
Compiling module xil_defaultlib.DataRegister
Compiling module xil_defaultlib.DataMemoryUnit
Compiling module xil_defaultlib.FileOperation
Compiling module xil_defaultlib.DataMemoryUnitSimulation
Compiling module xil_defaultlib.glbl
Built simulation snapshot DataMemoryUnitSimulation_behav
INFO: [USF-XSim-69] 'elaborate' step finished in '1' seconds
INFO: [USF-XSim-4] XSim::Simulate design
INFO: [USF-XSim-61] Executing 'SIMULATE' step in 'C:/CompOrg/project1/homework/homework.sim/sim_1/behav/xsim'
INFO: [USF-XSim-98] *** Running xsim
   with args "DataMemoryUnitSimulation_behav -key {Behavioral:sim_1:Functional:DataMemoryUnitSimulation} -tclbatch {DataMemoryUnitSimulation.tcl} -log {simulate.log}"
INFO: [USF-XSim-8] Loading simulator feature
Vivado Simulator 2017.4
Time resolution is 1 ps
source DataMemoryUnitSimulation.tcl
# set curr_wave [current_wave_config]
# if { [string length $curr_wave] == 0 } {
#   if { [llength [get_objects]] > 0} {
#     add_wave /
#     set_property needs_save false [current_wave_config]
#   } else {
#      send_msg_id Add_Wave-1 WARNING "No top level signals found. Simulator will start without a wave window. If you want to open a wave window go to 'File->New Waveform Configuration' or type 'create_wave_config' in the TCL console."
#   }
# }
# run 1000ns
------------------------------------
DataMemoryUnit Simulation Started
[PASS] Test No: 1, Component: MEM[h15], Actual Value: 0x0007, Expected Value: 0x0007
[PASS] Test No: 1, Component: DMUOut, Actual Value: 0x2307, Expected Value: 0x2307
[PASS] Test No: 2, Component: DMUOut, Actual Value: 0x0767, Expected Value: 0x0767
DataMemoryUnit Simulation Finished
0 Test Failed
3 Test Passed
------------------------------------
INFO: [USF-XSim-96] XSim completed. Design snapshot 'DataMemoryUnitSimulation_behav' loaded.
INFO: [USF-XSim-97] XSim simulation ran for 1000ns
close_sim
INFO: [Simtcl 6-16] Simulation closed
close_design
exit
INFO: [Common 17-206] Exiting Vivado at Tue Mar 24 15:52:25 2026...
