INFO: [VRFC 10-2263] Analyzing Verilog file "C:/CompOrg/project1/homework/homework.srcs/sources_1/imports/ExampleSubmission/AddressRegisterFile.v" into library xil_defaultlib
INFO: [VRFC 10-311] analyzing module AddressRegisterFile
INFO: [VRFC 10-2263] Analyzing Verilog file "C:/CompOrg/project1/homework/homework.srcs/sources_1/imports/ExampleSubmission/ArithmeticLogicUnit.v" into library xil_defaultlib
INFO: [VRFC 10-311] analyzing module ArithmeticLogicUnit
INFO: [VRFC 10-2263] Analyzing Verilog file "C:/CompOrg/project1/homework/homework.srcs/sources_1/imports/ExampleSubmission/ArithmeticLogicUnitSystem.v" into library xil_defaultlib
INFO: [VRFC 10-311] analyzing module MUX2to1
INFO: [VRFC 10-311] analyzing module MUX4to1
INFO: [VRFC 10-311] analyzing module ArithmeticLogicUnitSystem
INFO: [VRFC 10-2263] Analyzing Verilog file "C:/CompOrg/project1/homework/homework.srcs/sources_1/imports/ExampleSubmission/DataMemory.v" into library xil_defaultlib
INFO: [VRFC 10-311] analyzing module DataMemory
INFO: [VRFC 10-2263] Analyzing Verilog file "C:/CompOrg/project1/homework/homework.srcs/sources_1/imports/ExampleSubmission/DataMemoryUnit.v" into library xil_defaultlib
INFO: [VRFC 10-311] analyzing module DataMemoryUnit
INFO: [VRFC 10-2263] Analyzing Verilog file "C:/CompOrg/project1/homework/homework.srcs/sources_1/imports/ExampleSubmission/DataRegister.v" into library xil_defaultlib
INFO: [VRFC 10-311] analyzing module DataRegister
INFO: [VRFC 10-2263] Analyzing Verilog file "C:/CompOrg/project1/homework/homework.srcs/sources_1/imports/ExampleSubmission/Helper.v" into library xil_defaultlib
INFO: [VRFC 10-311] analyzing module FileOperation
INFO: [VRFC 10-311] analyzing module CrystalOscillator
INFO: [VRFC 10-2263] Analyzing Verilog file "C:/CompOrg/project1/homework/homework.srcs/sources_1/imports/ExampleSubmission/InstructionMemory.v" into library xil_defaultlib
INFO: [VRFC 10-311] analyzing module InstructionMemory
INFO: [VRFC 10-2263] Analyzing Verilog file "C:/CompOrg/project1/homework/homework.srcs/sources_1/imports/ExampleSubmission/InstructionMemoryUnit.v" into library xil_defaultlib
INFO: [VRFC 10-311] analyzing module InstructionMemoryUnit
INFO: [VRFC 10-2263] Analyzing Verilog file "C:/CompOrg/project1/homework/homework.srcs/sources_1/imports/ExampleSubmission/InstructionRegister.v" into library xil_defaultlib
INFO: [VRFC 10-311] analyzing module InstructionRegister
INFO: [VRFC 10-2263] Analyzing Verilog file "C:/CompOrg/project1/homework/homework.srcs/sources_1/imports/ExampleSubmission/Register16bit.v" into library xil_defaultlib
INFO: [VRFC 10-311] analyzing module Register16bit
INFO: [VRFC 10-2263] Analyzing Verilog file "C:/CompOrg/project1/homework/homework.srcs/sources_1/imports/ExampleSubmission/RegisterFile.v" into library xil_defaultlib
INFO: [VRFC 10-311] analyzing module RegisterFile
INFO: [VRFC 10-2263] Analyzing Verilog file "C:/CompOrg/project1/homework/homework.srcs/sim_1/imports/ExampleSubmission/ArithmeticLogicUnitSystemSimulation.v" into library xil_defaultlib
INFO: [VRFC 10-311] analyzing module ArithmeticLogicUnitSystemSimulation
