#-----------------------------------------------------------
# xsim v2017.4 (64-bit)
# SW Build 2086221 on Fri Dec 15 20:55:39 MST 2017
# IP Build 2085800 on Fri Dec 15 22:25:07 MST 2017
# Start of session at: Sun Apr 19 16:16:39 2026
# Process ID: 8388
# Current directory: C:/CompOrg/project2/ExampleSubmission_v3/Simulation_Files
# Command line: xsim.exe -mode tcl -source {xsim.dir/dmusim/xsim_script.tcl}
# Log file: C:/CompOrg/project2/ExampleSubmission_v3/Simulation_Files/xsim.log
# Journal file: C:/CompOrg/project2/ExampleSubmission_v3/Simulation_Files\xsim.jou
#-----------------------------------------------------------
source xsim.dir/dmusim/xsim_script.tcl
# xsim {dmusim} -autoloadwcfg -runall
Vivado Simulator 2017.4
Time resolution is 1 ps
run -all
------------------------------------
DataMemoryUnit Simulation Started
[PASS] Test No: 1, Component: MEM[h15], Actual Value: 0x0007, Expected Value: 0x0007
[FAIL] Test No: 1, Component: DMUOut, Actual Value: 0x2367, Expected Value: 0x2307
[FAIL] Test No: 2, Component: DMUOut, Actual Value: 0x2367, Expected Value: 0x0767
DataMemoryUnit Simulation Finished
2 Test Failed
1 Test Passed
------------------------------------
exit
INFO: [Common 17-206] Exiting xsim at Sun Apr 19 16:16:42 2026...
