#-----------------------------------------------------------
# xsim v2017.4 (64-bit)
# SW Build 2086221 on Fri Dec 15 20:55:39 MST 2017
# IP Build 2085800 on Fri Dec 15 22:25:07 MST 2017
# Start of session at: Sat Feb 28 16:46:25 2026
# Process ID: 22500
# Current directory: C:/CompOrg/project0/toSubmit/Simulation_Files
# Command line: xsim.exe -mode tcl -source {xsim.dir/reg8sim/xsim_script.tcl}
# Log file: C:/CompOrg/project0/toSubmit/Simulation_Files/xsim.log
# Journal file: C:/CompOrg/project0/toSubmit/Simulation_Files\xsim.jou
#-----------------------------------------------------------
source xsim.dir/reg8sim/xsim_script.tcl
# xsim {reg8sim} -autoloadwcfg -runall
Vivado Simulator 2017.4
Time resolution is 1 ps
run -all
------------------------------------
Register8bit Simulation Started
[PASS] Test No: 1, Component: Q, Actual Value: 0x00000025, Expected Value: 0x00000025
[PASS] Test No: 2, Component: Q, Actual Value: 0x00000024, Expected Value: 0x00000024
[PASS] Test No: 3, Component: Q, Actual Value: 0x00000025, Expected Value: 0x00000025
[PASS] Test No: 4, Component: Q, Actual Value: 0x00000026, Expected Value: 0x00000026
Register8bit Simulation Finished
0 Test Failed
4 Test Passed
------------------------------------
exit
INFO: [Common 17-206] Exiting xsim at Sat Feb 28 16:46:28 2026...
